<?xml version="1.0" encoding="UTF-8"?>
<!-- Generated by org.testng.reporters.JUnitXMLReporter -->
<testsuite ignored="0" hostname="DESKTOP-307BSJC" failures="0" tests="6" name="Test" time="3.235" errors="0" timestamp="07 Jan 2025 18:28:59 GMT">
  <testcase classname="org.testing.testscripts.TC1PostRequest" name="testcase1" time="3.022"/>
  <testcase classname="org.testing.testscripts.TC2GetAllRequest" name="testcase2" time="0.052"/>
  <testcase classname="org.testing.testscripts.TC3GetParticularRequest" name="testcase3" time="0.023"/>
  <testcase classname="org.testing.testscripts.TC4PutRequest" name="testcase4" time="0.03"/>
  <testcase classname="org.testing.testscripts.TC5PatchRequest" name="testcase5" time="0.03"/>
  <testcase classname="org.testing.testscripts.TC6DeleteRequest" name="testcase6" time="0.031"/>
</testsuite> <!-- Test -->
