<?xml version="1.0" encoding="UTF-8"?>
<testng-results ignored="0" total="6" passed="6" failed="0" skipped="0">
  <reporter-output>
  </reporter-output>
  <suite started-at="2025-01-07T18:28:55Z" name="Suite" finished-at="2025-01-07T18:28:59Z" duration-ms="3235">
    <groups>
    </groups>
    <test started-at="2025-01-07T18:28:55Z" name="Test" finished-at="2025-01-07T18:28:59Z" duration-ms="3235">
      <class name="org.testing.testscripts.TC5PatchRequest">
        <test-method signature="testcase5()[pri:0, instance:org.testing.testscripts.TC5PatchRequest@8519cb4]" started-at="2025-01-07T23:58:59Z" name="testcase5" finished-at="2025-01-07T23:58:59Z" duration-ms="30" status="PASS">
          <reporter-output>
          </reporter-output>
        </test-method> <!-- testcase5 -->
      </class> <!-- org.testing.testscripts.TC5PatchRequest -->
      <class name="org.testing.testscripts.TC1PostRequest">
        <test-method signature="testcase1()[pri:0, instance:org.testing.testscripts.TC1PostRequest@15043a2f]" started-at="2025-01-07T23:58:55Z" name="testcase1" finished-at="2025-01-07T23:58:58Z" duration-ms="3022" status="PASS">
          <reporter-output>
          </reporter-output>
        </test-method> <!-- testcase1 -->
      </class> <!-- org.testing.testscripts.TC1PostRequest -->
      <class name="org.testing.testscripts.TC4PutRequest">
        <test-method signature="testcase4()[pri:0, instance:org.testing.testscripts.TC4PutRequest@d737b89]" started-at="2025-01-07T23:58:59Z" name="testcase4" finished-at="2025-01-07T23:58:59Z" duration-ms="30" status="PASS">
          <reporter-output>
          </reporter-output>
        </test-method> <!-- testcase4 -->
      </class> <!-- org.testing.testscripts.TC4PutRequest -->
      <class name="org.testing.testscripts.TC2GetAllRequest">
        <test-method signature="testcase2()[pri:0, instance:org.testing.testscripts.TC2GetAllRequest@7f485fda]" started-at="2025-01-07T23:58:58Z" name="testcase2" finished-at="2025-01-07T23:58:59Z" duration-ms="52" status="PASS">
          <reporter-output>
          </reporter-output>
        </test-method> <!-- testcase2 -->
      </class> <!-- org.testing.testscripts.TC2GetAllRequest -->
      <class name="org.testing.testscripts.TC6DeleteRequest">
        <test-method signature="testcase6()[pri:0, instance:org.testing.testscripts.TC6DeleteRequest@35dab4eb]" started-at="2025-01-07T23:58:59Z" name="testcase6" finished-at="2025-01-07T23:58:59Z" duration-ms="31" status="PASS">
          <reporter-output>
          </reporter-output>
        </test-method> <!-- testcase6 -->
      </class> <!-- org.testing.testscripts.TC6DeleteRequest -->
      <class name="org.testing.testscripts.TC3GetParticularRequest">
        <test-method signature="testcase3()[pri:0, instance:org.testing.testscripts.TC3GetParticularRequest@28261e8e]" started-at="2025-01-07T23:58:59Z" name="testcase3" finished-at="2025-01-07T23:58:59Z" duration-ms="23" status="PASS">
          <reporter-output>
          </reporter-output>
        </test-method> <!-- testcase3 -->
      </class> <!-- org.testing.testscripts.TC3GetParticularRequest -->
    </test> <!-- Test -->
  </suite> <!-- Suite -->
</testng-results>
